<?xml version="1.0" encoding="UTF-8"?>
<!-- Generated by org.testng.reporters.JUnitReportReporter -->
<testsuite skipped="0" hostname="LAPTOP-FKB5RQA2" name="com.origin.tests.HomePageTest2" tests="2" failures="0" timestamp="13 Dec 2018 03:38:56 GMT" time="2.029" errors="0">
  <testcase name="validateLink" time="1.558" classname="com.origin.tests.HomePageTest2"/>
  <testcase name="validateHomePage" time="0.471" classname="com.origin.tests.HomePageTest2"/>
</testsuite> <!-- com.origin.tests.HomePageTest2 -->
